This file contains any messages produced by compilers while
running configure, to aid debugging if configure makes a mistake.

It was created by MilkCat configure 0.1, which was
generated by GNU Autoconf 2.69.  Invocation command line was

  $ ./configure 

## --------- ##
## Platform. ##
## --------- ##

hostname = ling0322-MacBook-Air.local
uname -m = x86_64
uname -r = 12.4.0
uname -s = Darwin
uname -v = Darwin Kernel Version 12.4.0: Wed May  1 17:57:12 PDT 2013; root:xnu-2050.24.15~1/RELEASE_X86_64

/usr/bin/uname -p = i386
/bin/uname -X     = unknown

/bin/arch              = unknown
/usr/bin/arch -k       = unknown
/usr/convex/getsysinfo = unknown
/usr/bin/hostinfo      = Mach kernel version:
	 Darwin Kernel Version 12.4.0: Wed May  1 17:57:12 PDT 2013; root:xnu-2050.24.15~1/RELEASE_X86_64
Kernel configured for up to 4 processors.
2 processors are physically available.
4 processors are logically available.
Processor type: i486 (Intel 80486)
Processors active: 0 1 2 3
Primary memory available: 4.00 gigabytes
Default processor set: 123 tasks, 631 threads, 4 processors
Load average: 1.12, Mach factor: 2.87
/bin/machine           = unknown
/usr/bin/oslevel       = unknown
/bin/universe          = unknown

PATH: /opt/local/bin
PATH: /opt/local/sbin
PATH: /usr/bin
PATH: /bin
PATH: /usr/sbin
PATH: /sbin
PATH: /usr/local/bin
PATH: /opt/X11/bin
PATH: /usr/local/go/bin


## ----------- ##
## Core tests. ##
## ----------- ##

configure:2572: checking for a BSD-compatible install
configure:2640: result: /usr/bin/install -c
configure:2651: checking whether build environment is sane
configure:2706: result: yes
configure:2857: checking for a thread-safe mkdir -p
configure:2896: result: ./install-sh -c -d
configure:2903: checking for gawk
configure:2933: result: no
configure:2903: checking for mawk
configure:2933: result: no
configure:2903: checking for nawk
configure:2933: result: no
configure:2903: checking for awk
configure:2919: found /usr/bin/awk
configure:2930: result: awk
configure:2941: checking whether make sets $(MAKE)
configure:2963: result: yes
configure:2992: checking whether make supports nested variables
configure:3009: result: yes
configure:3147: checking for style of include used by make
configure:3175: result: GNU
configure:3246: checking for gcc
configure:3262: found /usr/bin/gcc
configure:3273: result: gcc
configure:3502: checking for C compiler version
configure:3511: gcc --version >&5
i686-apple-darwin11-llvm-gcc-4.2 (GCC) 4.2.1 (Based on Apple Inc. build 5658) (LLVM build 2336.11.00)
Copyright (C) 2007 Free Software Foundation, Inc.
This is free software; see the source for copying conditions.  There is NO
warranty; not even for MERCHANTABILITY or FITNESS FOR A PARTICULAR PURPOSE.

configure:3522: $? = 0
configure:3511: gcc -v >&5
Using built-in specs.
Target: i686-apple-darwin11
Configured with: /private/var/tmp/llvmgcc42/llvmgcc42-2336.11~182/src/configure --disable-checking --enable-werror --prefix=/Applications/Xcode.app/Contents/Developer/usr/llvm-gcc-4.2 --mandir=/share/man --enable-languages=c,objc,c++,obj-c++ --program-prefix=llvm- --program-transform-name=/^[cg][^.-]*$/s/$/-4.2/ --with-slibdir=/usr/lib --build=i686-apple-darwin11 --enable-llvm=/private/var/tmp/llvmgcc42/llvmgcc42-2336.11~182/dst-llvmCore/Developer/usr/local --program-prefix=i686-apple-darwin11- --host=x86_64-apple-darwin11 --target=i686-apple-darwin11 --with-gxx-include-dir=/usr/include/c++/4.2.1
Thread model: posix
gcc version 4.2.1 (Based on Apple Inc. build 5658) (LLVM build 2336.11.00)
configure:3522: $? = 0
configure:3511: gcc -V >&5
llvm-gcc-4.2: argument to `-V' is missing
configure:3522: $? = 1
configure:3511: gcc -qversion >&5
i686-apple-darwin11-llvm-gcc-4.2: no input files
configure:3522: $? = 1
configure:3542: checking whether the C compiler works
configure:3564: gcc    conftest.c  >&5
configure:3568: $? = 0
configure:3616: result: yes
configure:3619: checking for C compiler default output file name
configure:3621: result: a.out
configure:3627: checking for suffix of executables
configure:3634: gcc -o conftest    conftest.c  >&5
configure:3638: $? = 0
configure:3660: result: 
configure:3682: checking whether we are cross compiling
configure:3690: gcc -o conftest    conftest.c  >&5
configure:3694: $? = 0
configure:3701: ./conftest
configure:3705: $? = 0
configure:3720: result: no
configure:3725: checking for suffix of object files
configure:3747: gcc -c   conftest.c >&5
configure:3751: $? = 0
configure:3772: result: o
configure:3776: checking whether we are using the GNU C compiler
configure:3795: gcc -c   conftest.c >&5
configure:3795: $? = 0
configure:3804: result: yes
configure:3813: checking whether gcc accepts -g
configure:3833: gcc -c -g  conftest.c >&5
configure:3833: $? = 0
configure:3874: result: yes
configure:3891: checking for gcc option to accept ISO C89
configure:3954: gcc  -c -g -O2  conftest.c >&5
configure:3954: $? = 0
configure:3967: result: none needed
configure:3992: checking whether gcc understands -c and -o together
configure:4014: gcc -c conftest.c -o conftest2.o
configure:4017: $? = 0
configure:4014: gcc -c conftest.c -o conftest2.o
configure:4017: $? = 0
configure:4029: result: yes
configure:4048: checking dependency style of gcc
configure:4159: result: gcc3
configure:4224: checking for ar
configure:4240: found /usr/bin/ar
configure:4251: result: ar
configure:4277: checking the archiver (ar) interface
configure:4293: gcc -c -g -O2  conftest.c >&5
configure:4293: $? = 0
configure:4295: ar cru libconftest.a conftest.o >&5
configure:4298: $? = 0
configure:4326: result: ar
configure:4375: checking build system type
configure:4389: result: x86_64-apple-darwin12.4.0
configure:4409: checking host system type
configure:4422: result: x86_64-apple-darwin12.4.0
configure:4463: checking how to print strings
configure:4490: result: printf
configure:4511: checking for a sed that does not truncate output
configure:4575: result: /usr/bin/sed
configure:4593: checking for grep that handles long lines and -e
configure:4651: result: /usr/bin/grep
configure:4656: checking for egrep
configure:4718: result: /usr/bin/grep -E
configure:4723: checking for fgrep
configure:4785: result: /usr/bin/grep -F
configure:4820: checking for ld used by gcc
configure:4887: result: /usr/llvm-gcc-4.2/libexec/gcc/i686-apple-darwin11/4.2.1/ld
configure:4894: checking if the linker (/usr/llvm-gcc-4.2/libexec/gcc/i686-apple-darwin11/4.2.1/ld) is GNU ld
configure:4909: result: no
configure:4921: checking for BSD- or MS-compatible name lister (nm)
configure:4970: result: /usr/bin/nm
configure:5100: checking the name lister (/usr/bin/nm) interface
configure:5107: gcc -c -g -O2  conftest.c >&5
configure:5110: /usr/bin/nm "conftest.o"
configure:5113: output
0000000000000190 S _some_variable
configure:5120: result: BSD nm
configure:5123: checking whether ln -s works
configure:5127: result: yes
configure:5135: checking the maximum length of command line arguments
configure:5265: result: 196608
configure:5282: checking whether the shell understands some XSI constructs
configure:5292: result: yes
configure:5296: checking whether the shell understands "+="
configure:5302: result: yes
configure:5337: checking how to convert x86_64-apple-darwin12.4.0 file names to x86_64-apple-darwin12.4.0 format
configure:5377: result: func_convert_file_noop
configure:5384: checking how to convert x86_64-apple-darwin12.4.0 file names to toolchain format
configure:5404: result: func_convert_file_noop
configure:5411: checking for /usr/llvm-gcc-4.2/libexec/gcc/i686-apple-darwin11/4.2.1/ld option to reload object files
configure:5418: result: -r
configure:5492: checking for objdump
configure:5522: result: no
configure:5551: checking how to recognize dependent libraries
configure:5753: result: pass_all
configure:5838: checking for dlltool
configure:5868: result: no
configure:5898: checking how to associate runtime and link libraries
configure:5925: result: printf %s\n
configure:6049: checking for archiver @FILE support
configure:6066: gcc -c -g -O2  conftest.c >&5
configure:6066: $? = 0
configure:6069: ar cru libconftest.a @conftest.lst >&5
ar: @conftest.lst: No such file or directory
configure:6072: $? = 1
configure:6092: result: no
configure:6150: checking for strip
configure:6166: found /usr/bin/strip
configure:6177: result: strip
configure:6249: checking for ranlib
configure:6265: found /usr/bin/ranlib
configure:6276: result: ranlib
configure:6378: checking command to parse /usr/bin/nm output from gcc object
configure:6498: gcc -c -g -O2  conftest.c >&5
configure:6501: $? = 0
configure:6505: /usr/bin/nm conftest.o \| sed -n -e 's/^.*[ ]\([BCDEGRST][BCDEGRST]*\)[ ][ ]*\([_A-Za-z][_A-Za-z0-9]*\)$/\1 \2 \2/p' | sed '/ __gnu_lto/d' \> conftest.nm
configure:6508: $? = 0
cannot find nm_test_var in conftest.nm
configure:6498: gcc -c -g -O2  conftest.c >&5
configure:6501: $? = 0
configure:6505: /usr/bin/nm conftest.o \| sed -n -e 's/^.*[ ]\([BCDEGRST][BCDEGRST]*\)[ ][ ]*_\([_A-Za-z][_A-Za-z0-9]*\)$/\1 _\2 \2/p' | sed '/ __gnu_lto/d' \> conftest.nm
configure:6508: $? = 0
configure:6574: gcc -o conftest -g -O2   conftest.c conftstm.o >&5
configure:6577: $? = 0
configure:6615: result: ok
configure:6652: checking for sysroot
configure:6682: result: no
configure:6938: checking for mt
configure:6968: result: no
configure:6988: checking if : is a manifest tool
configure:6994: : '-?'
configure:7002: result: no
configure:7058: checking for dsymutil
configure:7074: found /usr/bin/dsymutil
configure:7085: result: dsymutil
configure:7150: checking for nmedit
configure:7166: found /usr/bin/nmedit
configure:7177: result: nmedit
configure:7242: checking for lipo
configure:7258: found /usr/bin/lipo
configure:7269: result: lipo
configure:7334: checking for otool
configure:7350: found /usr/bin/otool
configure:7361: result: otool
configure:7426: checking for otool64
configure:7456: result: no
configure:7501: checking for -single_module linker flag
gcc -g -O2  -o libconftest.dylib -dynamiclib -Wl,-single_module conftest.c
configure:7534: result: yes
configure:7537: checking for -exported_symbols_list linker flag
configure:7557: gcc -o conftest -g -O2   -Wl,-exported_symbols_list,conftest.sym conftest.c  >&5
configure:7557: $? = 0
configure:7567: result: yes
configure:7570: checking for -force_load linker flag
gcc -g -O2 -c -o conftest.o conftest.c
ar cru libconftest.a conftest.o
ranlib libconftest.a
gcc -g -O2  -o conftest conftest.c -Wl,-force_load,./libconftest.a
configure:7602: result: yes
configure:7644: checking how to run the C preprocessor
configure:7675: gcc -E  conftest.c
configure:7675: $? = 0
configure:7689: gcc -E  conftest.c
conftest.c:11:28: error: ac_nonexistent.h: No such file or directory
configure:7689: $? = 1
configure: failed program was:
| /* confdefs.h */
| #define PACKAGE_NAME "MilkCat"
| #define PACKAGE_TARNAME "milkcat"
| #define PACKAGE_VERSION "0.1"
| #define PACKAGE_STRING "MilkCat 0.1"
| #define PACKAGE_BUGREPORT "ling032x@gmail.com"
| #define PACKAGE_URL ""
| #define PACKAGE "milkcat"
| #define VERSION "0.1"
| /* end confdefs.h.  */
| #include <ac_nonexistent.h>
configure:7714: result: gcc -E
configure:7734: gcc -E  conftest.c
configure:7734: $? = 0
configure:7748: gcc -E  conftest.c
conftest.c:11:28: error: ac_nonexistent.h: No such file or directory
configure:7748: $? = 1
configure: failed program was:
| /* confdefs.h */
| #define PACKAGE_NAME "MilkCat"
| #define PACKAGE_TARNAME "milkcat"
| #define PACKAGE_VERSION "0.1"
| #define PACKAGE_STRING "MilkCat 0.1"
| #define PACKAGE_BUGREPORT "ling032x@gmail.com"
| #define PACKAGE_URL ""
| #define PACKAGE "milkcat"
| #define VERSION "0.1"
| /* end confdefs.h.  */
| #include <ac_nonexistent.h>
configure:7777: checking for ANSI C header files
configure:7797: gcc -c -g -O2  conftest.c >&5
configure:7797: $? = 0
configure:7870: gcc -o conftest -g -O2   conftest.c  >&5
configure:7870: $? = 0
configure:7870: ./conftest
configure:7870: $? = 0
configure:7881: result: yes
configure:7894: checking for sys/types.h
configure:7894: gcc -c -g -O2  conftest.c >&5
configure:7894: $? = 0
configure:7894: result: yes
configure:7894: checking for sys/stat.h
configure:7894: gcc -c -g -O2  conftest.c >&5
configure:7894: $? = 0
configure:7894: result: yes
configure:7894: checking for stdlib.h
configure:7894: gcc -c -g -O2  conftest.c >&5
configure:7894: $? = 0
configure:7894: result: yes
configure:7894: checking for string.h
configure:7894: gcc -c -g -O2  conftest.c >&5
configure:7894: $? = 0
configure:7894: result: yes
configure:7894: checking for memory.h
configure:7894: gcc -c -g -O2  conftest.c >&5
configure:7894: $? = 0
configure:7894: result: yes
configure:7894: checking for strings.h
configure:7894: gcc -c -g -O2  conftest.c >&5
configure:7894: $? = 0
configure:7894: result: yes
configure:7894: checking for inttypes.h
configure:7894: gcc -c -g -O2  conftest.c >&5
configure:7894: $? = 0
configure:7894: result: yes
configure:7894: checking for stdint.h
configure:7894: gcc -c -g -O2  conftest.c >&5
configure:7894: $? = 0
configure:7894: result: yes
configure:7894: checking for unistd.h
configure:7894: gcc -c -g -O2  conftest.c >&5
configure:7894: $? = 0
configure:7894: result: yes
configure:7908: checking for dlfcn.h
configure:7908: gcc -c -g -O2  conftest.c >&5
configure:7908: $? = 0
configure:7908: result: yes
configure:8114: checking for objdir
configure:8129: result: .libs
configure:8400: checking if gcc supports -fno-rtti -fno-exceptions
configure:8418: gcc -c -g -O2  -fno-rtti -fno-exceptions conftest.c >&5
cc1: warning: command line option "-fno-rtti" is valid for C++/ObjC++ but not for C
configure:8422: $? = 0
configure:8435: result: no
configure:8762: checking for gcc option to produce PIC
configure:8769: result: -fno-common -DPIC
configure:8777: checking if gcc PIC flag -fno-common -DPIC works
configure:8795: gcc -c -g -O2  -fno-common -DPIC -DPIC conftest.c >&5
configure:8799: $? = 0
configure:8812: result: yes
configure:8841: checking if gcc static flag -static works
configure:8869: result: no
configure:8884: checking if gcc supports -c -o file.o
configure:8905: gcc -c -g -O2  -o out/conftest2.o conftest.c >&5
configure:8909: $? = 0
configure:8931: result: yes
configure:8939: checking if gcc supports -c -o file.o
configure:8986: result: yes
configure:9019: checking whether the gcc linker (/usr/llvm-gcc-4.2/libexec/gcc/i686-apple-darwin11/4.2.1/ld) supports shared libraries
configure:10172: result: yes
configure:10412: checking dynamic linker characteristics
configure:11145: result: darwin12.4.0 dyld
configure:11252: checking how to hardcode library paths into programs
configure:11277: result: immediate
configure:11817: checking whether stripping libraries is possible
configure:11831: result: yes
configure:11857: checking if libtool supports shared libraries
configure:11859: result: yes
configure:11862: checking whether to build shared libraries
configure:11883: result: yes
configure:11886: checking whether to build static libraries
configure:11890: result: yes
configure:11987: checking for g++
configure:12003: found /usr/bin/g++
configure:12014: result: g++
configure:12041: checking for C++ compiler version
configure:12050: g++ --version >&5
i686-apple-darwin11-llvm-g++-4.2 (GCC) 4.2.1 (Based on Apple Inc. build 5658) (LLVM build 2336.11.00)
Copyright (C) 2007 Free Software Foundation, Inc.
This is free software; see the source for copying conditions.  There is NO
warranty; not even for MERCHANTABILITY or FITNESS FOR A PARTICULAR PURPOSE.

configure:12061: $? = 0
configure:12050: g++ -v >&5
Using built-in specs.
Target: i686-apple-darwin11
Configured with: /private/var/tmp/llvmgcc42/llvmgcc42-2336.11~182/src/configure --disable-checking --enable-werror --prefix=/Applications/Xcode.app/Contents/Developer/usr/llvm-gcc-4.2 --mandir=/share/man --enable-languages=c,objc,c++,obj-c++ --program-prefix=llvm- --program-transform-name=/^[cg][^.-]*$/s/$/-4.2/ --with-slibdir=/usr/lib --build=i686-apple-darwin11 --enable-llvm=/private/var/tmp/llvmgcc42/llvmgcc42-2336.11~182/dst-llvmCore/Developer/usr/local --program-prefix=i686-apple-darwin11- --host=x86_64-apple-darwin11 --target=i686-apple-darwin11 --with-gxx-include-dir=/usr/include/c++/4.2.1
Thread model: posix
gcc version 4.2.1 (Based on Apple Inc. build 5658) (LLVM build 2336.11.00)
configure:12061: $? = 0
configure:12050: g++ -V >&5
llvm-g++-4.2: argument to `-V' is missing
configure:12061: $? = 1
configure:12050: g++ -qversion >&5
i686-apple-darwin11-llvm-g++-4.2: no input files
configure:12061: $? = 1
configure:12065: checking whether we are using the GNU C++ compiler
configure:12084: g++ -c   conftest.cpp >&5
configure:12084: $? = 0
configure:12093: result: yes
configure:12102: checking whether g++ accepts -g
configure:12122: g++ -c -g  conftest.cpp >&5
configure:12122: $? = 0
configure:12163: result: yes
configure:12188: checking dependency style of g++
configure:12299: result: gcc3
configure:12332: checking how to run the C++ preprocessor
configure:12359: g++ -E  conftest.cpp
configure:12359: $? = 0
configure:12373: g++ -E  conftest.cpp
conftest.cpp:23:28: error: ac_nonexistent.h: No such file or directory
configure:12373: $? = 1
configure: failed program was:
| /* confdefs.h */
| #define PACKAGE_NAME "MilkCat"
| #define PACKAGE_TARNAME "milkcat"
| #define PACKAGE_VERSION "0.1"
| #define PACKAGE_STRING "MilkCat 0.1"
| #define PACKAGE_BUGREPORT "ling032x@gmail.com"
| #define PACKAGE_URL ""
| #define PACKAGE "milkcat"
| #define VERSION "0.1"
| #define STDC_HEADERS 1
| #define HAVE_SYS_TYPES_H 1
| #define HAVE_SYS_STAT_H 1
| #define HAVE_STDLIB_H 1
| #define HAVE_STRING_H 1
| #define HAVE_MEMORY_H 1
| #define HAVE_STRINGS_H 1
| #define HAVE_INTTYPES_H 1
| #define HAVE_STDINT_H 1
| #define HAVE_UNISTD_H 1
| #define HAVE_DLFCN_H 1
| #define LT_OBJDIR ".libs/"
| /* end confdefs.h.  */
| #include <ac_nonexistent.h>
configure:12398: result: g++ -E
configure:12418: g++ -E  conftest.cpp
configure:12418: $? = 0
configure:12432: g++ -E  conftest.cpp
conftest.cpp:23:28: error: ac_nonexistent.h: No such file or directory
configure:12432: $? = 1
configure: failed program was:
| /* confdefs.h */
| #define PACKAGE_NAME "MilkCat"
| #define PACKAGE_TARNAME "milkcat"
| #define PACKAGE_VERSION "0.1"
| #define PACKAGE_STRING "MilkCat 0.1"
| #define PACKAGE_BUGREPORT "ling032x@gmail.com"
| #define PACKAGE_URL ""
| #define PACKAGE "milkcat"
| #define VERSION "0.1"
| #define STDC_HEADERS 1
| #define HAVE_SYS_TYPES_H 1
| #define HAVE_SYS_STAT_H 1
| #define HAVE_STDLIB_H 1
| #define HAVE_STRING_H 1
| #define HAVE_MEMORY_H 1
| #define HAVE_STRINGS_H 1
| #define HAVE_INTTYPES_H 1
| #define HAVE_STDINT_H 1
| #define HAVE_UNISTD_H 1
| #define HAVE_DLFCN_H 1
| #define LT_OBJDIR ".libs/"
| /* end confdefs.h.  */
| #include <ac_nonexistent.h>
configure:12601: checking for ld used by g++
configure:12668: result: /usr/llvm-gcc-4.2/libexec/gcc/i686-apple-darwin11/4.2.1/ld
configure:12675: checking if the linker (/usr/llvm-gcc-4.2/libexec/gcc/i686-apple-darwin11/4.2.1/ld) is GNU ld
configure:12690: result: no
configure:12745: checking whether the g++ linker (/usr/llvm-gcc-4.2/libexec/gcc/i686-apple-darwin11/4.2.1/ld) supports shared libraries
configure:13750: result: yes
configure:13786: g++ -c -g -O2  conftest.cpp >&5
configure:13789: $? = 0
configure:14309: checking for g++ option to produce PIC
configure:14316: result: -fno-common -DPIC
configure:14324: checking if g++ PIC flag -fno-common -DPIC works
configure:14342: g++ -c -g -O2  -fno-common -DPIC -DPIC conftest.cpp >&5
configure:14346: $? = 0
configure:14359: result: yes
configure:14382: checking if g++ static flag -static works
configure:14410: result: no
configure:14422: checking if g++ supports -c -o file.o
configure:14443: g++ -c -g -O2  -o out/conftest2.o conftest.cpp >&5
configure:14447: $? = 0
configure:14469: result: yes
configure:14474: checking if g++ supports -c -o file.o
configure:14521: result: yes
configure:14551: checking whether the g++ linker (/usr/llvm-gcc-4.2/libexec/gcc/i686-apple-darwin11/4.2.1/ld) supports shared libraries
configure:14587: result: yes
configure:14728: checking dynamic linker characteristics
configure:15395: result: darwin12.4.0 dyld
configure:15448: checking how to hardcode library paths into programs
configure:15473: result: immediate
configure:15561: checking for gcc
configure:15588: result: gcc
configure:15817: checking for C compiler version
configure:15826: gcc --version >&5
i686-apple-darwin11-llvm-gcc-4.2 (GCC) 4.2.1 (Based on Apple Inc. build 5658) (LLVM build 2336.11.00)
Copyright (C) 2007 Free Software Foundation, Inc.
This is free software; see the source for copying conditions.  There is NO
warranty; not even for MERCHANTABILITY or FITNESS FOR A PARTICULAR PURPOSE.

configure:15837: $? = 0
configure:15826: gcc -v >&5
Using built-in specs.
Target: i686-apple-darwin11
Configured with: /private/var/tmp/llvmgcc42/llvmgcc42-2336.11~182/src/configure --disable-checking --enable-werror --prefix=/Applications/Xcode.app/Contents/Developer/usr/llvm-gcc-4.2 --mandir=/share/man --enable-languages=c,objc,c++,obj-c++ --program-prefix=llvm- --program-transform-name=/^[cg][^.-]*$/s/$/-4.2/ --with-slibdir=/usr/lib --build=i686-apple-darwin11 --enable-llvm=/private/var/tmp/llvmgcc42/llvmgcc42-2336.11~182/dst-llvmCore/Developer/usr/local --program-prefix=i686-apple-darwin11- --host=x86_64-apple-darwin11 --target=i686-apple-darwin11 --with-gxx-include-dir=/usr/include/c++/4.2.1
Thread model: posix
gcc version 4.2.1 (Based on Apple Inc. build 5658) (LLVM build 2336.11.00)
configure:15837: $? = 0
configure:15826: gcc -V >&5
llvm-gcc-4.2: argument to `-V' is missing
configure:15837: $? = 1
configure:15826: gcc -qversion >&5
i686-apple-darwin11-llvm-gcc-4.2: no input files
configure:15837: $? = 1
configure:15841: checking whether we are using the GNU C compiler
configure:15869: result: yes
configure:15878: checking whether gcc accepts -g
configure:15939: result: yes
configure:15956: checking for gcc option to accept ISO C89
configure:16032: result: none needed
configure:16057: checking whether gcc understands -c and -o together
configure:16094: result: yes
configure:16113: checking dependency style of gcc
configure:16224: result: gcc3
configure:16248: checking fcntl.h usability
configure:16248: gcc -c -g -O2  conftest.c >&5

## ---------------- ##
## Cache variables. ##
## ---------------- ##

ac_cv_build=x86_64-apple-darwin12.4.0
ac_cv_c_compiler_gnu=yes
ac_cv_cxx_compiler_gnu=yes
ac_cv_env_CCC_set=
ac_cv_env_CCC_value=
ac_cv_env_CC_set=
ac_cv_env_CC_value=
ac_cv_env_CFLAGS_set=
ac_cv_env_CFLAGS_value=
ac_cv_env_CPPFLAGS_set=
ac_cv_env_CPPFLAGS_value=
ac_cv_env_CPP_set=
ac_cv_env_CPP_value=
ac_cv_env_CXXCPP_set=
ac_cv_env_CXXCPP_value=
ac_cv_env_CXXFLAGS_set=
ac_cv_env_CXXFLAGS_value=
ac_cv_env_CXX_set=
ac_cv_env_CXX_value=
ac_cv_env_LDFLAGS_set=
ac_cv_env_LDFLAGS_value=
ac_cv_env_LIBS_set=
ac_cv_env_LIBS_value=
ac_cv_env_build_alias_set=
ac_cv_env_build_alias_value=
ac_cv_env_host_alias_set=
ac_cv_env_host_alias_value=
ac_cv_env_target_alias_set=
ac_cv_env_target_alias_value=
ac_cv_header_dlfcn_h=yes
ac_cv_header_inttypes_h=yes
ac_cv_header_memory_h=yes
ac_cv_header_stdc=yes
ac_cv_header_stdint_h=yes
ac_cv_header_stdlib_h=yes
ac_cv_header_string_h=yes
ac_cv_header_strings_h=yes
ac_cv_header_sys_stat_h=yes
ac_cv_header_sys_types_h=yes
ac_cv_header_unistd_h=yes
ac_cv_host=x86_64-apple-darwin12.4.0
ac_cv_objext=o
ac_cv_path_EGREP='/usr/bin/grep -E'
ac_cv_path_FGREP='/usr/bin/grep -F'
ac_cv_path_GREP=/usr/bin/grep
ac_cv_path_SED=/usr/bin/sed
ac_cv_path_install='/usr/bin/install -c'
ac_cv_prog_AWK=awk
ac_cv_prog_CPP='gcc -E'
ac_cv_prog_CXXCPP='g++ -E'
ac_cv_prog_ac_ct_AR=ar
ac_cv_prog_ac_ct_CC=gcc
ac_cv_prog_ac_ct_CXX=g++
ac_cv_prog_ac_ct_DSYMUTIL=dsymutil
ac_cv_prog_ac_ct_LIPO=lipo
ac_cv_prog_ac_ct_NMEDIT=nmedit
ac_cv_prog_ac_ct_OTOOL=otool
ac_cv_prog_ac_ct_RANLIB=ranlib
ac_cv_prog_ac_ct_STRIP=strip
ac_cv_prog_cc_c89=
ac_cv_prog_cc_g=yes
ac_cv_prog_cxx_g=yes
ac_cv_prog_make_make_set=yes
am_cv_CC_dependencies_compiler_type=gcc3
am_cv_CXX_dependencies_compiler_type=gcc3
am_cv_ar_interface=ar
am_cv_make_support_nested_variables=yes
am_cv_prog_cc_c_o=yes
lt_cv_apple_cc_single_mod=yes
lt_cv_ar_at_file=no
lt_cv_deplibs_check_method=pass_all
lt_cv_file_magic_cmd='$MAGIC_CMD'
lt_cv_file_magic_test_file=
lt_cv_ld_exported_symbols_list=yes
lt_cv_ld_force_load=yes
lt_cv_ld_reload_flag=-r
lt_cv_nm_interface='BSD nm'
lt_cv_objdir=.libs
lt_cv_path_LD=/usr/llvm-gcc-4.2/libexec/gcc/i686-apple-darwin11/4.2.1/ld
lt_cv_path_LDCXX=/usr/llvm-gcc-4.2/libexec/gcc/i686-apple-darwin11/4.2.1/ld
lt_cv_path_NM=/usr/bin/nm
lt_cv_path_mainfest_tool=no
lt_cv_prog_compiler_c_o=yes
lt_cv_prog_compiler_c_o_CXX=yes
lt_cv_prog_compiler_pic='-fno-common -DPIC'
lt_cv_prog_compiler_pic_CXX='-fno-common -DPIC'
lt_cv_prog_compiler_pic_works=yes
lt_cv_prog_compiler_pic_works_CXX=yes
lt_cv_prog_compiler_rtti_exceptions=no
lt_cv_prog_compiler_static_works=no
lt_cv_prog_compiler_static_works_CXX=no
lt_cv_prog_gnu_ld=no
lt_cv_prog_gnu_ldcxx=no
lt_cv_sharedlib_from_linklib_cmd='printf %s\n'
lt_cv_sys_global_symbol_pipe='sed -n -e '\''s/^.*[	 ]\([BCDEGRST][BCDEGRST]*\)[	 ][	 ]*_\([_A-Za-z][_A-Za-z0-9]*\)$/\1 _\2 \2/p'\'' | sed '\''/ __gnu_lto/d'\'''
lt_cv_sys_global_symbol_to_c_name_address='sed -n -e '\''s/^: \([^ ]*\)[ ]*$/  {\"\1\", (void *) 0},/p'\'' -e '\''s/^[BCDEGRST]* \([^ ]*\) \([^ ]*\)$/  {"\2", (void *) \&\2},/p'\'''
lt_cv_sys_global_symbol_to_c_name_address_lib_prefix='sed -n -e '\''s/^: \([^ ]*\)[ ]*$/  {\"\1\", (void *) 0},/p'\'' -e '\''s/^[BCDEGRST]* \([^ ]*\) \(lib[^ ]*\)$/  {"\2", (void *) \&\2},/p'\'' -e '\''s/^[BCDEGRST]* \([^ ]*\) \([^ ]*\)$/  {"lib\2", (void *) \&\2},/p'\'''
lt_cv_sys_global_symbol_to_cdecl='sed -n -e '\''s/^T .* \(.*\)$/extern int \1();/p'\'' -e '\''s/^[BCDEGRST]* .* \(.*\)$/extern char \1;/p'\'''
lt_cv_sys_max_cmd_len=196608
lt_cv_to_host_file_cmd=func_convert_file_noop
lt_cv_to_tool_file_cmd=func_convert_file_noop

## ----------------- ##
## Output variables. ##
## ----------------- ##

ACLOCAL='${SHELL} /Users/ling0322/Documents/milkcat/missing aclocal-1.14'
AMDEPBACKSLASH='\'
AMDEP_FALSE='#'
AMDEP_TRUE=''
AMTAR='$${TAR-tar}'
AM_BACKSLASH='\'
AM_DEFAULT_V='$(AM_DEFAULT_VERBOSITY)'
AM_DEFAULT_VERBOSITY='1'
AM_V='$(V)'
AR='ar'
AUTOCONF='${SHELL} /Users/ling0322/Documents/milkcat/missing autoconf'
AUTOHEADER='${SHELL} /Users/ling0322/Documents/milkcat/missing autoheader'
AUTOMAKE='${SHELL} /Users/ling0322/Documents/milkcat/missing automake-1.14'
AWK='awk'
CC='gcc'
CCDEPMODE='depmode=gcc3'
CFLAGS='-g -O2'
CPP='gcc -E'
CPPFLAGS=''
CXX='g++'
CXXCPP='g++ -E'
CXXDEPMODE='depmode=gcc3'
CXXFLAGS='-g -O2'
CYGPATH_W='echo'
DEFS=''
DEPDIR='.deps'
DLLTOOL='false'
DSYMUTIL='dsymutil'
DUMPBIN=''
ECHO_C='\c'
ECHO_N=''
ECHO_T=''
EGREP='/usr/bin/grep -E'
EXEEXT=''
FGREP='/usr/bin/grep -F'
GREP='/usr/bin/grep'
INSTALL_DATA='${INSTALL} -m 644'
INSTALL_PROGRAM='${INSTALL}'
INSTALL_SCRIPT='${INSTALL}'
INSTALL_STRIP_PROGRAM='$(install_sh) -c -s'
LD='/usr/llvm-gcc-4.2/libexec/gcc/i686-apple-darwin11/4.2.1/ld'
LDFLAGS=''
LIBOBJS=''
LIBS=''
LIBTOOL='$(SHELL) $(top_builddir)/libtool'
LIPO='lipo'
LN_S='ln -s'
LTLIBOBJS=''
MAKEINFO='${SHELL} /Users/ling0322/Documents/milkcat/missing makeinfo'
MANIFEST_TOOL=':'
MKDIR_P='./install-sh -c -d'
NM='/usr/bin/nm'
NMEDIT='nmedit'
OBJDUMP='false'
OBJEXT='o'
OTOOL64=':'
OTOOL='otool'
PACKAGE='milkcat'
PACKAGE_BUGREPORT='ling032x@gmail.com'
PACKAGE_NAME='MilkCat'
PACKAGE_STRING='MilkCat 0.1'
PACKAGE_TARNAME='milkcat'
PACKAGE_URL=''
PACKAGE_VERSION='0.1'
PATH_SEPARATOR=':'
RANLIB='ranlib'
SED='/usr/bin/sed'
SET_MAKE=''
SHELL='/bin/sh'
STRIP='strip'
VERSION='0.1'
ac_ct_AR='ar'
ac_ct_CC='gcc'
ac_ct_CXX='g++'
ac_ct_DUMPBIN=''
am__EXEEXT_FALSE=''
am__EXEEXT_TRUE=''
am__fastdepCC_FALSE='#'
am__fastdepCC_TRUE=''
am__fastdepCXX_FALSE='#'
am__fastdepCXX_TRUE=''
am__include='include'
am__isrc=''
am__leading_dot='.'
am__nodep='_no'
am__quote=''
am__tar='$${TAR-tar} chof - "$$tardir"'
am__untar='$${TAR-tar} xf -'
bindir='${exec_prefix}/bin'
build='x86_64-apple-darwin12.4.0'
build_alias=''
build_cpu='x86_64'
build_os='darwin12.4.0'
build_vendor='apple'
datadir='${datarootdir}'
datarootdir='${prefix}/share'
docdir='${datarootdir}/doc/${PACKAGE_TARNAME}'
dvidir='${docdir}'
exec_prefix='NONE'
host='x86_64-apple-darwin12.4.0'
host_alias=''
host_cpu='x86_64'
host_os='darwin12.4.0'
host_vendor='apple'
htmldir='${docdir}'
includedir='${prefix}/include'
infodir='${datarootdir}/info'
install_sh='${SHELL} /Users/ling0322/Documents/milkcat/install-sh'
libdir='${exec_prefix}/lib'
libexecdir='${exec_prefix}/libexec'
localedir='${datarootdir}/locale'
localstatedir='${prefix}/var'
mandir='${datarootdir}/man'
mkdir_p='$(MKDIR_P)'
oldincludedir='/usr/include'
pdfdir='${docdir}'
prefix='NONE'
program_transform_name='s,x,x,'
psdir='${docdir}'
sbindir='${exec_prefix}/sbin'
sharedstatedir='${prefix}/com'
sysconfdir='${prefix}/etc'
target_alias=''

## ----------- ##
## confdefs.h. ##
## ----------- ##

/* confdefs.h */
#define PACKAGE_NAME "MilkCat"
#define PACKAGE_TARNAME "milkcat"
#define PACKAGE_VERSION "0.1"
#define PACKAGE_STRING "MilkCat 0.1"
#define PACKAGE_BUGREPORT "ling032x@gmail.com"
#define PACKAGE_URL ""
#define PACKAGE "milkcat"
#define VERSION "0.1"
#define STDC_HEADERS 1
#define HAVE_SYS_TYPES_H 1
#define HAVE_SYS_STAT_H 1
#define HAVE_STDLIB_H 1
#define HAVE_STRING_H 1
#define HAVE_MEMORY_H 1
#define HAVE_STRINGS_H 1
#define HAVE_INTTYPES_H 1
#define HAVE_STDINT_H 1
#define HAVE_UNISTD_H 1
#define HAVE_DLFCN_H 1
#define LT_OBJDIR ".libs/"

configure: caught signal 2
configure: exit 1
